<?xml version="1.0" encoding="UTF-8"?>
<testsuite name="censusanalyser.CensusAnalyserTest" tests="10" skipped="0" failures="0" errors="0" timestamp="2020-01-10T10:48:58" hostname="aniketchahare" time="0.265">
  <properties/>
  <testcase name="givenIndianCensusCSVFileReturnsCorrectRecords" classname="censusanalyser.CensusAnalyserTest" time="0.219"/>
  <testcase name="givenIndianCensusData_WithWrongHeader_ShouldThrowException" classname="censusanalyser.CensusAnalyserTest" time="0.03"/>
  <testcase name="givenIndianStateCode_WithWrongHeader_ShouldThrowException" classname="censusanalyser.CensusAnalyserTest" time="0.002"/>
  <testcase name="givenIndianStateCode_WithWrongDelimeter_ShouldThrowException" classname="censusanalyser.CensusAnalyserTest" time="0.002"/>
  <testcase name="givenIndiaStateCode_WithWrongFile_ShouldThrowException" classname="censusanalyser.CensusAnalyserTest" time="0.001"/>
  <testcase name="givenIndianStateCodeCSVFileReturnsCorrectRecords" classname="censusanalyser.CensusAnalyserTest" time="0.002"/>
  <testcase name="givenIndianCensusData_WithWrongDelimeter_ShouldThrowException" classname="censusanalyser.CensusAnalyserTest" time="0.002"/>
  <testcase name="givenIndiaCensusData_WithWrongFile_ShouldThrowException" classname="censusanalyser.CensusAnalyserTest" time="0.0"/>
  <testcase name="givenIndianStateCode_WithWrongFileType_ShouldThrowException" classname="censusanalyser.CensusAnalyserTest" time="0.0"/>
  <testcase name="givenIndianCensusData_WithWrongFileType_ShouldThrowException" classname="censusanalyser.CensusAnalyserTest" time="0.0"/>
  <system-out><![CDATA[]]></system-out>
  <system-err><![CDATA[]]></system-err>
</testsuite>
